Hybrid/android/app/build/outputs/logs/manifest-merger-debug-report.txt
-- Merging decision tree log ---
manifest
ADDED from HybridDemo/app/AndroidManifest.xml:2:1-29:12
	package
		ADDED from HybridDemo/app/AndroidManifest.xml:3:5-31
	android:versionName
		ADDED from HybridDemo/app/AndroidManifest.xml:3:56-81
		INJECTED from HybridDemo/app/AndroidManifest.xml
		INJECTED from HybridDemo/app/AndroidManifest.xml
	android:versionCode
		ADDED from HybridDemo/app/AndroidManifest.xml:3:32-55
		INJECTED from HybridDemo/app/AndroidManifest.xml
		INJECTED from HybridDemo/app/AndroidManifest.xml
	xmlns:android
		ADDED from HybridDemo/app/AndroidManifest.xml:2:11-69
uses-sdk
ADDED from HybridDemo/app/AndroidManifest.xml:5:5-74
	android:targetSdkVersion
		ADDED from HybridDemo/app/AndroidManifest.xml:5:42-71
	android:minSdkVersion
		ADDED from HybridDemo/app/AndroidManifest.xml:5:15-41
application
ADDED from HybridDemo/app/AndroidManifest.xml:8:5-22:19
	android:label
		ADDED from HybridDemo/app/AndroidManifest.xml:9:9-41
	android:allowBackup
		ADDED from HybridDemo/app/AndroidManifest.xml:8:18-44
	android:icon
		ADDED from HybridDemo/app/AndroidManifest.xml:8:45-79
	android:theme
		ADDED from HybridDemo/app/AndroidManifest.xml:9:42-73
	android:name
		ADDED from HybridDemo/app/AndroidManifest.xml:10:9-38
activity#com.umeng.hybrid.MainActivity
ADDED from HybridDemo/app/AndroidManifest.xml:11:9-17:20
	android:name
		ADDED from HybridDemo/app/AndroidManifest.xml:11:19-47
intent-filter#android.intent.action.MAIN+android.intent.category.LAUNCHER
ADDED from HybridDemo/app/AndroidManifest.xml:12:13-16:29
action#android.intent.action.MAIN
ADDED from HybridDemo/app/AndroidManifest.xml:13:17-69
	android:name
		ADDED from HybridDemo/app/AndroidManifest.xml:13:25-66
category#android.intent.category.LAUNCHER
ADDED from HybridDemo/app/AndroidManifest.xml:15:17-77
	android:name
		ADDED from HybridDemo/app/AndroidManifest.xml:15:27-74
meta-data#UMENG_APPKEY
ADDED from HybridDemo/app/AndroidManifest.xml:18:9-19:21
	android:value
		ADDED from HybridDemo/app/AndroidManifest.xml:18:48-88
	android:name
		ADDED from HybridDemo/app/AndroidManifest.xml:18:20-47
meta-data#UMENG_CHANNEL
ADDED from HybridDemo/app/AndroidManifest.xml:20:9-21:21
	android:value
		ADDED from HybridDemo/app/AndroidManifest.xml:20:49-70
	android:name
		ADDED from HybridDemo/app/AndroidManifest.xml:20:20-48
uses-permission#android.permission.ACCESS_NETWORK_STATE
ADDED from HybridDemo/app/AndroidManifest.xml:24:5-79
	android:name
		ADDED from HybridDemo/app/AndroidManifest.xml:24:22-76
uses-permission#android.permission.ACCESS_WIFI_STATE
ADDED from HybridDemo/app/AndroidManifest.xml:25:5-76
	android:name
		ADDED from HybridDemo/app/AndroidManifest.xml:25:22-73
uses-permission#android.permission.READ_PHONE_STATE
ADDED from HybridDemo/app/AndroidManifest.xml:26:5-75
	android:name
		ADDED from HybridDemo/app/AndroidManifest.xml:26:22-72
uses-permission#android.permission.INTERNET
ADDED from HybridDemo/app/AndroidManifest.xml:27:5-67
	android:name
		ADDED from HybridDemo/app/AndroidManifest.xml:27:22-64